Build release v0.1.0 at dom sep 29 19:48:21 UTC 2019
Build release v0.2.0 at lun sep 30 04:59:51 UTC 2019
Build release v0.2.1 at mié oct  9 20:20:01 UTC 2019
Build release v0.3.0 at vie ene 24 05:16:55 UTC 2020
Build release v0.3.1 at vie ene 24 05:38:32 UTC 2020
Build release v0.3.2 at vie ene 24 11:02:50 UTC 2020
Build release v0.3.3 at vie ene 24 14:52:39 UTC 2020
Build release v0.4.0 at mar ene 28 18:48:57 UTC 2020
Build release v0.4.1 at sáb feb  1 11:50:08 UTC 2020
Build release v0.4.2 at mar feb 25 13:27:43 UTC 2020
Build release v0.5.0 at dom mar  1 13:11:36 UTC 2020
Build release v0.6.0 at vie mar  6 07:46:33 UTC 2020
Build release v0.7.0 at vie mar  6 11:17:28 UTC 2020
Build release v0.8.0 at dom mar  8 22:11:20 UTC 2020
Build release v0.9.0 at vie mar 27 22:23:44 UTC 2020
Build release v0.10.0 at Thu Apr  2 18:02:00 UTC 2020
Build release v0.10.1 at Thu Apr  2 21:11:42 UTC 2020
Build release v0.10.2 at Sun Apr  5 15:21:12 UTC 2020
Build release v1.0.0 at lun abr 13 21:08:38 UTC 2020
Build release v1.1.0 at mar abr 14 08:00:23 UTC 2020
Build release v2.0.0 at vie abr 24 14:42:07 UTC 2020
Build release v2.1.0 at dom abr 26 09:57:17 UTC 2020
Build release v2.2.0 at sáb may  9 15:45:30 UTC 2020
Build release v2.2.1 at sáb may  9 16:21:06 UTC 2020
Build release v2.3.0 at dom jun  7 19:03:19 UTC 2020
Build release v2.4.0 at sáb jun 20 17:15:21 UTC 2020
Build release v2.4.1 at sáb jun 20 17:42:26 UTC 2020
Build release v2.5.0 at Mon Jul 20 08:42:53 UTC 2020
Build release v2.6.0 at Mon Aug 17 17:00:49 UTC 2020
Build release v2.7.0 at Sat Sep 12 10:47:17 UTC 2020
Build release v2.8.0 at mié sep 30 19:29:58 UTC 2020
Build release v2.8.1 at mié sep 30 19:55:22 UTC 2020
Build release v2.9.0 at sáb oct 31 11:15:58 UTC 2020
Build release v2.10.0 at sáb nov 14 11:33:45 UTC 2020
Build release v2.11.0 at sáb dic  5 08:25:56 UTC 2020
Build release v2.12.0 at lun feb 15 14:57:32 UTC 2021
Build release v2.13.0 at vie mar 26 16:57:33 UTC 2021
